2025-03-28 17:13:49.721524 - Received SBGOLOB.CBT509.FILE008 from FILE008.XMI 
2025-03-28 17:13:49.722671 - Found $$$$NOTE.txt (text/plain) in SBGOLOB.CBT509.FILE008, moved to PDS/$$$$NOTE
2025-03-28 17:13:49.723512 - Found $$$#DATE.txt (text/plain) in SBGOLOB.CBT509.FILE008, moved to PDS/$$$#DATE
2025-03-28 17:13:49.724821 - Found $$AFTR.txt (text/plain) in SBGOLOB.CBT509.FILE008, moved to PDS/$$AFTR
2025-03-28 17:13:49.727281 - Found $$JCL003.jcl (text/plain) in SBGOLOB.CBT509.FILE008, moved to PDS/$$JCL003
2025-03-28 17:13:49.729855 - Found $$NOTE01.txt (text/plain) in SBGOLOB.CBT509.FILE008, moved to PDS/$$NOTE01
2025-03-28 17:13:49.730540 - Found $IEBUPD1.txt (text/plain) in SBGOLOB.CBT509.FILE008, moved to PDS/$IEBUPD1
2025-03-28 17:13:49.732644 - Found ##CBT973.txt (text/plain) in SBGOLOB.CBT509.FILE008, moved to PDS/##CBT973
2025-03-28 17:13:49.734489 - Found @FILE008.txt (text/plain) in SBGOLOB.CBT509.FILE008, moved to PDS/@FILE008
2025-03-28 17:13:49.736839 - Found @NEWT.txt (text/plain) in SBGOLOB.CBT509.FILE008, moved to PDS/@NEWT
2025-03-28 17:13:49.737695 - Found ASMLK.jcl (text/plain) in SBGOLOB.CBT509.FILE008, moved to PDS/ASMLK
2025-03-28 17:13:49.738523 - Found BUFDEF.txt (text/plain) in SBGOLOB.CBT509.FILE008, moved to PDS/BUFDEF
2025-03-28 17:13:49.739810 - Found CBTCOPY.txt (text/plain) in SBGOLOB.CBT509.FILE008, moved to PDS/CBTCOPY
2025-03-28 17:13:49.743291 - Found CBTCOPY$.jcl (text/plain) in SBGOLOB.CBT509.FILE008, moved to PDS/CBTCOPY$
2025-03-28 17:13:49.744038 - Found CBTCOPY@.jcl (text/plain) in SBGOLOB.CBT509.FILE008, moved to PDS/CBTCOPY@
2025-03-28 17:13:49.745063 - Found CBTSTATS.txt (text/plain) in SBGOLOB.CBT509.FILE008, moved to PDS/CBTSTATS
2025-03-28 17:13:49.746020 - Found CBTUPD.txt (text/plain) in SBGOLOB.CBT509.FILE008, moved to PDS/CBTUPD
2025-03-28 17:13:49.746710 - Found CBTUPD$.jcl (text/plain) in SBGOLOB.CBT509.FILE008, moved to PDS/CBTUPD$
2025-03-28 17:13:49.747538 - Found CBTUPDTE.txt (text/plain) in SBGOLOB.CBT509.FILE008, moved to PDS/CBTUPDTE
2025-03-28 17:13:49.748941 - Found COVUPDTE.txt (text/plain) in SBGOLOB.CBT509.FILE008, moved to PDS/COVUPDTE
2025-03-28 17:13:49.750401 - Found DELNT488.jcl (text/plain) in SBGOLOB.CBT509.FILE008, moved to PDS/DELNT488
2025-03-28 17:13:49.751693 - Found DELNT489.jcl (text/plain) in SBGOLOB.CBT509.FILE008, moved to PDS/DELNT489
2025-03-28 17:13:49.753571 - Found DELNT490.jcl (text/plain) in SBGOLOB.CBT509.FILE008, moved to PDS/DELNT490
2025-03-28 17:13:49.755234 - Found DELNT491.jcl (text/plain) in SBGOLOB.CBT509.FILE008, moved to PDS/DELNT491
2025-03-28 17:13:49.756531 - Found DELNT492.jcl (text/plain) in SBGOLOB.CBT509.FILE008, moved to PDS/DELNT492
2025-03-28 17:13:49.757511 - Found DELNT493.jcl (text/plain) in SBGOLOB.CBT509.FILE008, moved to PDS/DELNT493
2025-03-28 17:13:49.759101 - Found DELNT494.jcl (text/plain) in SBGOLOB.CBT509.FILE008, moved to PDS/DELNT494
2025-03-28 17:13:49.760711 - Found DELNT495.jcl (text/plain) in SBGOLOB.CBT509.FILE008, moved to PDS/DELNT495
2025-03-28 17:13:49.761844 - Found DELNT496.jcl (text/plain) in SBGOLOB.CBT509.FILE008, moved to PDS/DELNT496
2025-03-28 17:13:49.762743 - Found DELNT497.jcl (text/plain) in SBGOLOB.CBT509.FILE008, moved to PDS/DELNT497
2025-03-28 17:13:49.764956 - Found DELNT498.jcl (text/plain) in SBGOLOB.CBT509.FILE008, moved to PDS/DELNT498
2025-03-28 17:13:49.766018 - Found DELNT499.jcl (text/plain) in SBGOLOB.CBT509.FILE008, moved to PDS/DELNT499
2025-03-28 17:13:49.767562 - Found DELNT500.jcl (text/plain) in SBGOLOB.CBT509.FILE008, moved to PDS/DELNT500
2025-03-28 17:13:49.768481 - Found DELNT501.jcl (text/plain) in SBGOLOB.CBT509.FILE008, moved to PDS/DELNT501
2025-03-28 17:13:49.769369 - Found DELNT502.jcl (text/plain) in SBGOLOB.CBT509.FILE008, moved to PDS/DELNT502
2025-03-28 17:13:49.770779 - Found DELNT503.jcl (text/plain) in SBGOLOB.CBT509.FILE008, moved to PDS/DELNT503
2025-03-28 17:13:49.771764 - Found DELNT504.jcl (text/plain) in SBGOLOB.CBT509.FILE008, moved to PDS/DELNT504
2025-03-28 17:13:49.773875 - Found DELNT505.jcl (text/plain) in SBGOLOB.CBT509.FILE008, moved to PDS/DELNT505
2025-03-28 17:13:49.777639 - Found DELNT506.jcl (text/plain) in SBGOLOB.CBT509.FILE008, moved to PDS/DELNT506
2025-03-28 17:13:49.779591 - Found DELNT507.jcl (text/plain) in SBGOLOB.CBT509.FILE008, moved to PDS/DELNT507
2025-03-28 17:13:49.782203 - Found DELXU488.jcl (text/plain) in SBGOLOB.CBT509.FILE008, moved to PDS/DELXU488
2025-03-28 17:13:49.783154 - Found DELXU489.jcl (text/plain) in SBGOLOB.CBT509.FILE008, moved to PDS/DELXU489
2025-03-28 17:13:49.784108 - Found DELXU490.jcl (text/plain) in SBGOLOB.CBT509.FILE008, moved to PDS/DELXU490
2025-03-28 17:13:49.785116 - Found DELXU491.jcl (text/plain) in SBGOLOB.CBT509.FILE008, moved to PDS/DELXU491
2025-03-28 17:13:49.786146 - Found DELXU492.jcl (text/plain) in SBGOLOB.CBT509.FILE008, moved to PDS/DELXU492
2025-03-28 17:13:49.788323 - Found DELXU493.jcl (text/plain) in SBGOLOB.CBT509.FILE008, moved to PDS/DELXU493
2025-03-28 17:13:49.789320 - Found DELXU494.jcl (text/plain) in SBGOLOB.CBT509.FILE008, moved to PDS/DELXU494
2025-03-28 17:13:49.790622 - Found DELXU495.jcl (text/plain) in SBGOLOB.CBT509.FILE008, moved to PDS/DELXU495
2025-03-28 17:13:49.796958 - Found DELXU496.jcl (text/plain) in SBGOLOB.CBT509.FILE008, moved to PDS/DELXU496
2025-03-28 17:13:49.797997 - Found DELXU497.jcl (text/plain) in SBGOLOB.CBT509.FILE008, moved to PDS/DELXU497
2025-03-28 17:13:49.799072 - Found DELXU498.jcl (text/plain) in SBGOLOB.CBT509.FILE008, moved to PDS/DELXU498
2025-03-28 17:13:49.800073 - Found DELXU499.jcl (text/plain) in SBGOLOB.CBT509.FILE008, moved to PDS/DELXU499
2025-03-28 17:13:49.801491 - Found DELXU500.jcl (text/plain) in SBGOLOB.CBT509.FILE008, moved to PDS/DELXU500
2025-03-28 17:13:49.804730 - Found DELXU501.jcl (text/plain) in SBGOLOB.CBT509.FILE008, moved to PDS/DELXU501
2025-03-28 17:13:49.805902 - Found DELXU502.jcl (text/plain) in SBGOLOB.CBT509.FILE008, moved to PDS/DELXU502
2025-03-28 17:13:49.806954 - Found DELXU503.jcl (text/plain) in SBGOLOB.CBT509.FILE008, moved to PDS/DELXU503
2025-03-28 17:13:49.808098 - Found DELXU504.jcl (text/plain) in SBGOLOB.CBT509.FILE008, moved to PDS/DELXU504
2025-03-28 17:13:49.812151 - Found DELXU505.jcl (text/plain) in SBGOLOB.CBT509.FILE008, moved to PDS/DELXU505
2025-03-28 17:13:49.813129 - Found DELXU506.jcl (text/plain) in SBGOLOB.CBT509.FILE008, moved to PDS/DELXU506
2025-03-28 17:13:49.814158 - Found DELXU507.jcl (text/plain) in SBGOLOB.CBT509.FILE008, moved to PDS/DELXU507
2025-03-28 17:13:49.814970 - Found DFDSSA01.jcl (text/plain) in SBGOLOB.CBT509.FILE008, moved to PDS/DFDSSA01
2025-03-28 17:13:49.815474 - Found DFDSSA02.jcl (text/plain) in SBGOLOB.CBT509.FILE008, moved to PDS/DFDSSA02
2025-03-28 17:13:49.816077 - Found DFDSSBKC.jcl (text/plain) in SBGOLOB.CBT509.FILE008, moved to PDS/DFDSSBKC
2025-03-28 17:13:49.816537 - Found DFDSSBKV.jcl (text/plain) in SBGOLOB.CBT509.FILE008, moved to PDS/DFDSSBKV
2025-03-28 17:13:49.818970 - Found DFDSSBK3.jcl (text/plain) in SBGOLOB.CBT509.FILE008, moved to PDS/DFDSSBK3
2025-03-28 17:13:49.819666 - Found DFDSSBN1.txt (text/plain) in SBGOLOB.CBT509.FILE008, moved to PDS/DFDSSBN1
2025-03-28 17:13:49.820453 - Found DFDSSRC.jcl (text/plain) in SBGOLOB.CBT509.FILE008, moved to PDS/DFDSSRC
2025-03-28 17:13:49.821095 - Found DFDSSR22.jcl (text/plain) in SBGOLOB.CBT509.FILE008, moved to PDS/DFDSSR22
2025-03-28 17:13:49.821630 - Found DFDSSR4.jcl (text/plain) in SBGOLOB.CBT509.FILE008, moved to PDS/DFDSSR4
2025-03-28 17:13:49.822142 - Found DOCCOV.txt (text/plain) in SBGOLOB.CBT509.FILE008, moved to PDS/DOCCOV
2025-03-28 17:13:49.822660 - Found DOCFIL.txt (text/plain) in SBGOLOB.CBT509.FILE008, moved to PDS/DOCFIL
2025-03-28 17:13:49.823611 - Found DOCFILA.txt (text/plain) in SBGOLOB.CBT509.FILE008, moved to PDS/DOCFILA
2025-03-28 17:13:49.824138 - Found DOCFILE.txt (text/plain) in SBGOLOB.CBT509.FILE008, moved to PDS/DOCFILE
2025-03-28 17:13:49.825522 - Found DOCFILE$.jcl (text/plain) in SBGOLOB.CBT509.FILE008, moved to PDS/DOCFILE$
2025-03-28 17:13:49.826335 - Found DOCFILE#.jcl (text/plain) in SBGOLOB.CBT509.FILE008, moved to PDS/DOCFILE#
2025-03-28 17:13:49.827171 - Found DOCFILE@.jcl (text/plain) in SBGOLOB.CBT509.FILE008, moved to PDS/DOCFILE@
2025-03-28 17:13:49.827646 - Found DOCFILN.txt (text/plain) in SBGOLOB.CBT509.FILE008, moved to PDS/DOCFILN
2025-03-28 17:13:49.828237 - Found DOCFILX.rexx (text/plain) in SBGOLOB.CBT509.FILE008, moved to PDS/DOCFILX
2025-03-28 17:13:49.828795 - Found DOCFIL01.txt (text/plain) in SBGOLOB.CBT509.FILE008, moved to PDS/DOCFIL01
2025-03-28 17:13:49.829334 - Found ENDALL.txt (text/plain) in SBGOLOB.CBT509.FILE008, moved to PDS/ENDALL
2025-03-28 17:13:49.829793 - Found FDRDUMP1.jcl (text/plain) in SBGOLOB.CBT509.FILE008, moved to PDS/FDRDUMP1
2025-03-28 17:13:49.830258 - Found FDRRESTV.jcl (text/plain) in SBGOLOB.CBT509.FILE008, moved to PDS/FDRRESTV
2025-03-28 17:13:49.832679 - Found FILE005.bin (application/octet-stream) in SBGOLOB.CBT509.FILE008, moved to PDS/FILE005
2025-03-28 17:13:49.833643 - Found FILE005O.txt (text/plain) in SBGOLOB.CBT509.FILE008, moved to PDS/FILE005O
2025-03-28 17:13:49.835454 - Found FILE007.bin (application/octet-stream) in SBGOLOB.CBT509.FILE008, moved to PDS/FILE007
2025-03-28 17:13:49.836067 - Found GENCOV.txt (text/plain) in SBGOLOB.CBT509.FILE008, moved to PDS/GENCOV
2025-03-28 17:13:49.836614 - Found GENDAT.txt (text/plain) in SBGOLOB.CBT509.FILE008, moved to PDS/GENDAT
2025-03-28 17:13:49.837112 - Found GENDATE.txt (text/plain) in SBGOLOB.CBT509.FILE008, moved to PDS/GENDATE
2025-03-28 17:13:49.837745 - Found GENDATN.txt (text/plain) in SBGOLOB.CBT509.FILE008, moved to PDS/GENDATN
2025-03-28 17:13:49.838342 - Found GENDATQ.rexx (text/plain) in SBGOLOB.CBT509.FILE008, moved to PDS/GENDATQ
2025-03-28 17:13:49.838834 - Found GENDATR.rexx (text/plain) in SBGOLOB.CBT509.FILE008, moved to PDS/GENDATR
2025-03-28 17:13:49.839538 - Found GENDESC.txt (text/plain) in SBGOLOB.CBT509.FILE008, moved to PDS/GENDESC
2025-03-28 17:13:49.840732 - Found GENFILE.txt (text/plain) in SBGOLOB.CBT509.FILE008, moved to PDS/GENFILE
2025-03-28 17:13:49.841344 - Found GENJCL7.txt (text/plain) in SBGOLOB.CBT509.FILE008, moved to PDS/GENJCL7
2025-03-28 17:13:49.842706 - Found GENJCL8.txt (text/plain) in SBGOLOB.CBT509.FILE008, moved to PDS/GENJCL8
2025-03-28 17:13:49.845049 - Found GENSTAT.txt (text/plain) in SBGOLOB.CBT509.FILE008, moved to PDS/GENSTAT
2025-03-28 17:13:49.845542 - Found INFOJOB.jcl (text/plain) in SBGOLOB.CBT509.FILE008, moved to PDS/INFOJOB
2025-03-28 17:13:49.846161 - Found IPLTZZSA.jcl (text/plain) in SBGOLOB.CBT509.FILE008, moved to PDS/IPLTZZSA
2025-03-28 17:13:49.847588 - Found JOBCARD.jcl (text/plain) in SBGOLOB.CBT509.FILE008, moved to PDS/JOBCARD
2025-03-28 17:13:49.848385 - Found KEYWORD.txt (text/plain) in SBGOLOB.CBT509.FILE008, moved to PDS/KEYWORD
2025-03-28 17:13:49.849202 - Found KEYWORDH.xmi (application/xmit) in SBGOLOB.CBT509.FILE008, moved to PDS/KEYWORDH
2025-03-28 17:13:49.855178 - Found KEYWORDS.txt (text/plain) in SBGOLOB.CBT509.FILE008, moved to PDS/KEYWORDS
2025-03-28 17:13:49.857086 - Found LOADLIB.xmi (application/xmit) in SBGOLOB.CBT509.FILE008, moved to PDS/LOADLIB
2025-03-28 17:13:49.861081 - Found MIAGEN2.txt (text/plain) in SBGOLOB.CBT509.FILE008, moved to PDS/MIAGEN2
2025-03-28 17:13:49.862075 - Found NEWT508A.jcl (text/plain) in SBGOLOB.CBT509.FILE008, moved to PDS/NEWT508A
2025-03-28 17:13:49.862802 - Found NEWT508B.jcl (text/plain) in SBGOLOB.CBT509.FILE008, moved to PDS/NEWT508B
2025-03-28 17:13:49.863560 - Found NEWT508C.jcl (text/plain) in SBGOLOB.CBT509.FILE008, moved to PDS/NEWT508C
2025-03-28 17:13:49.864278 - Found NEWT508D.jcl (text/plain) in SBGOLOB.CBT509.FILE008, moved to PDS/NEWT508D
2025-03-28 17:13:49.864886 - Found NEWT508E.jcl (text/plain) in SBGOLOB.CBT509.FILE008, moved to PDS/NEWT508E
2025-03-28 17:13:49.865512 - Found NEWT508F.jcl (text/plain) in SBGOLOB.CBT509.FILE008, moved to PDS/NEWT508F
2025-03-28 17:13:49.866142 - Found NEWT508G.jcl (text/plain) in SBGOLOB.CBT509.FILE008, moved to PDS/NEWT508G
2025-03-28 17:13:49.866742 - Found NEWT508H.jcl (text/plain) in SBGOLOB.CBT509.FILE008, moved to PDS/NEWT508H
2025-03-28 17:13:49.867328 - Found NEWT508I.jcl (text/plain) in SBGOLOB.CBT509.FILE008, moved to PDS/NEWT508I
2025-03-28 17:13:49.867874 - Found NEWT508J.jcl (text/plain) in SBGOLOB.CBT509.FILE008, moved to PDS/NEWT508J
2025-03-28 17:13:49.868461 - Found NEWT508K.jcl (text/plain) in SBGOLOB.CBT509.FILE008, moved to PDS/NEWT508K
2025-03-28 17:13:49.869055 - Found NEWT508L.jcl (text/plain) in SBGOLOB.CBT509.FILE008, moved to PDS/NEWT508L
2025-03-28 17:13:49.869539 - Found NEWT508M.jcl (text/plain) in SBGOLOB.CBT509.FILE008, moved to PDS/NEWT508M
2025-03-28 17:13:49.870060 - Found NEWT508N.jcl (text/plain) in SBGOLOB.CBT509.FILE008, moved to PDS/NEWT508N
2025-03-28 17:13:49.870597 - Found NEWT508O.jcl (text/plain) in SBGOLOB.CBT509.FILE008, moved to PDS/NEWT508O
2025-03-28 17:13:49.871480 - Found NEWT508P.jcl (text/plain) in SBGOLOB.CBT509.FILE008, moved to PDS/NEWT508P
2025-03-28 17:13:49.872560 - Found NEWT508Q.jcl (text/plain) in SBGOLOB.CBT509.FILE008, moved to PDS/NEWT508Q
2025-03-28 17:13:49.874044 - Found NEWT508R.jcl (text/plain) in SBGOLOB.CBT509.FILE008, moved to PDS/NEWT508R
2025-03-28 17:13:49.875752 - Found NEWT508S.jcl (text/plain) in SBGOLOB.CBT509.FILE008, moved to PDS/NEWT508S
2025-03-28 17:13:49.877175 - Found NEWT508T.jcl (text/plain) in SBGOLOB.CBT509.FILE008, moved to PDS/NEWT508T
2025-03-28 17:13:49.877866 - Found NEWT508U.jcl (text/plain) in SBGOLOB.CBT509.FILE008, moved to PDS/NEWT508U
2025-03-28 17:13:49.879867 - Found NEWT508V.jcl (text/plain) in SBGOLOB.CBT509.FILE008, moved to PDS/NEWT508V
2025-03-28 17:13:49.880445 - Found NEWT508W.jcl (text/plain) in SBGOLOB.CBT509.FILE008, moved to PDS/NEWT508W
2025-03-28 17:13:49.881097 - Found NEWT508X.jcl (text/plain) in SBGOLOB.CBT509.FILE008, moved to PDS/NEWT508X
2025-03-28 17:13:49.881881 - Found NEWT508Y.jcl (text/plain) in SBGOLOB.CBT509.FILE008, moved to PDS/NEWT508Y
2025-03-28 17:13:49.882547 - Found NEWT508Z.jcl (text/plain) in SBGOLOB.CBT509.FILE008, moved to PDS/NEWT508Z
2025-03-28 17:13:49.883354 - Found NEWT5081.jcl (text/plain) in SBGOLOB.CBT509.FILE008, moved to PDS/NEWT5081
2025-03-28 17:13:49.884188 - Found NEWT5082.jcl (text/plain) in SBGOLOB.CBT509.FILE008, moved to PDS/NEWT5082
2025-03-28 17:13:49.884932 - Found NEWT5083.jcl (text/plain) in SBGOLOB.CBT509.FILE008, moved to PDS/NEWT5083
2025-03-28 17:13:49.886143 - Found NEWT5084.jcl (text/plain) in SBGOLOB.CBT509.FILE008, moved to PDS/NEWT5084
2025-03-28 17:13:49.887124 - Found NEWT5085.jcl (text/plain) in SBGOLOB.CBT509.FILE008, moved to PDS/NEWT5085
2025-03-28 17:13:49.888092 - Found NEWT5086.jcl (text/plain) in SBGOLOB.CBT509.FILE008, moved to PDS/NEWT5086
2025-03-28 17:13:49.889104 - Found NEWU508A.jcl (text/plain) in SBGOLOB.CBT509.FILE008, moved to PDS/NEWU508A
2025-03-28 17:13:49.889968 - Found NEWU508O.jcl (text/plain) in SBGOLOB.CBT509.FILE008, moved to PDS/NEWU508O
2025-03-28 17:13:49.890509 - Found NEWU508X.jcl (text/plain) in SBGOLOB.CBT509.FILE008, moved to PDS/NEWU508X
2025-03-28 17:13:49.894225 - Found NEWV508O.jcl (text/plain) in SBGOLOB.CBT509.FILE008, moved to PDS/NEWV508O
2025-03-28 17:13:49.894740 - Found NEWW508O.jcl (text/plain) in SBGOLOB.CBT509.FILE008, moved to PDS/NEWW508O
2025-03-28 17:13:49.895578 - Found NEXP508A.jcl (text/plain) in SBGOLOB.CBT509.FILE008, moved to PDS/NEXP508A
2025-03-28 17:13:49.896101 - Found NEXP508X.jcl (text/plain) in SBGOLOB.CBT509.FILE008, moved to PDS/NEXP508X
2025-03-28 17:13:49.896713 - Found NEXQ508A.jcl (text/plain) in SBGOLOB.CBT509.FILE008, moved to PDS/NEXQ508A
2025-03-28 17:13:49.897275 - Found NEXQ508X.jcl (text/plain) in SBGOLOB.CBT509.FILE008, moved to PDS/NEXQ508X
2025-03-28 17:13:49.898031 - Found OSTAREDC.txt (text/plain) in SBGOLOB.CBT509.FILE008, moved to PDS/OSTAREDC
2025-03-28 17:13:49.898685 - Found OSTARREC.rexx (text/plain) in SBGOLOB.CBT509.FILE008, moved to PDS/OSTARREC
2025-03-28 17:13:49.899602 - Found OSTARXMT.rexx (text/plain) in SBGOLOB.CBT509.FILE008, moved to PDS/OSTARXMT
2025-03-28 17:13:49.900976 - Found SAVEALL.txt (text/plain) in SBGOLOB.CBT509.FILE008, moved to PDS/SAVEALL
2025-03-28 17:13:49.908133 - Found SYSUPLOG.bin (application/octet-stream) in SBGOLOB.CBT509.FILE008, moved to PDS/SYSUPLOG
2025-03-28 17:13:49.908730 - Found TRSCBT01.jcl (text/plain) in SBGOLOB.CBT509.FILE008, moved to PDS/TRSCBT01
2025-03-28 17:13:49.909298 - Found TRSCBT02.jcl (text/plain) in SBGOLOB.CBT509.FILE008, moved to PDS/TRSCBT02
2025-03-28 17:13:49.909810 - Found TRSREST2.jcl (text/plain) in SBGOLOB.CBT509.FILE008, moved to PDS/TRSREST2
2025-03-28 17:13:49.911169 - Found TSOR489.jcl (text/plain) in SBGOLOB.CBT509.FILE008, moved to PDS/TSOR489
2025-03-28 17:13:49.912493 - Found TSOR490.jcl (text/plain) in SBGOLOB.CBT509.FILE008, moved to PDS/TSOR490
2025-03-28 17:13:49.957885 - Found TSOR491.jcl (text/plain) in SBGOLOB.CBT509.FILE008, moved to PDS/TSOR491
2025-03-28 17:13:49.960513 - Found TSOR492.jcl (text/plain) in SBGOLOB.CBT509.FILE008, moved to PDS/TSOR492
2025-03-28 17:13:49.963321 - Found TSOR493.jcl (text/plain) in SBGOLOB.CBT509.FILE008, moved to PDS/TSOR493
2025-03-28 17:13:49.969270 - Found TSOR494.jcl (text/plain) in SBGOLOB.CBT509.FILE008, moved to PDS/TSOR494
2025-03-28 17:13:49.971851 - Found TSOR495.jcl (text/plain) in SBGOLOB.CBT509.FILE008, moved to PDS/TSOR495
2025-03-28 17:13:49.974497 - Found TSOR496.jcl (text/plain) in SBGOLOB.CBT509.FILE008, moved to PDS/TSOR496
2025-03-28 17:13:49.977770 - Found TSOR497.jcl (text/plain) in SBGOLOB.CBT509.FILE008, moved to PDS/TSOR497
2025-03-28 17:13:49.980121 - Found TSOR498.jcl (text/plain) in SBGOLOB.CBT509.FILE008, moved to PDS/TSOR498
2025-03-28 17:13:49.982405 - Found TSOR499.jcl (text/plain) in SBGOLOB.CBT509.FILE008, moved to PDS/TSOR499
2025-03-28 17:13:49.986155 - Found TSOR500.jcl (text/plain) in SBGOLOB.CBT509.FILE008, moved to PDS/TSOR500
2025-03-28 17:13:49.987851 - Found TSOR501.jcl (text/plain) in SBGOLOB.CBT509.FILE008, moved to PDS/TSOR501
2025-03-28 17:13:49.989168 - Found TSOR502.jcl (text/plain) in SBGOLOB.CBT509.FILE008, moved to PDS/TSOR502
2025-03-28 17:13:49.989915 - Found TSOR502A.jcl (text/plain) in SBGOLOB.CBT509.FILE008, moved to PDS/TSOR502A
2025-03-28 17:13:49.991392 - Found TSOR503.jcl (text/plain) in SBGOLOB.CBT509.FILE008, moved to PDS/TSOR503
2025-03-28 17:13:49.993059 - Found TSOR504.jcl (text/plain) in SBGOLOB.CBT509.FILE008, moved to PDS/TSOR504
2025-03-28 17:13:49.994802 - Found TSOR505.jcl (text/plain) in SBGOLOB.CBT509.FILE008, moved to PDS/TSOR505
2025-03-28 17:13:49.996220 - Found TSOR506.jcl (text/plain) in SBGOLOB.CBT509.FILE008, moved to PDS/TSOR506
2025-03-28 17:13:49.997577 - Found TSOR507.jcl (text/plain) in SBGOLOB.CBT509.FILE008, moved to PDS/TSOR507
2025-03-28 17:13:50.000746 - Found TSOR508.jcl (text/plain) in SBGOLOB.CBT509.FILE008, moved to PDS/TSOR508
2025-03-28 17:13:50.005808 - Found VBCLIST$.txt (text/plain) in SBGOLOB.CBT509.FILE008, moved to PDS/VBCLIST$
2025-03-28 17:13:50.007290 - Found VBCLISTS.xmi (application/xmit) in SBGOLOB.CBT509.FILE008, moved to PDS/VBCLISTS
2025-03-28 17:13:50.016273 - Found VTT2DISK.txt (text/plain) in SBGOLOB.CBT509.FILE008, moved to PDS/VTT2DISK
2025-03-28 17:13:50.017063 - Found VTT2TAPE.txt (text/plain) in SBGOLOB.CBT509.FILE008, moved to PDS/VTT2TAPE
2025-03-28 17:13:50.018644 - Found V508G01.jcl (text/plain) in SBGOLOB.CBT509.FILE008, moved to PDS/V508G01
2025-03-28 17:13:50.022865 - Found V508H01.jcl (text/plain) in SBGOLOB.CBT509.FILE008, moved to PDS/V508H01
2025-03-28 17:13:50.025168 - Found V508I01.jcl (text/plain) in SBGOLOB.CBT509.FILE008, moved to PDS/V508I01
2025-03-28 17:13:50.029409 - Found V508J01.jcl (text/plain) in SBGOLOB.CBT509.FILE008, moved to PDS/V508J01
2025-03-28 17:13:50.031087 - Found V508J02.jcl (text/plain) in SBGOLOB.CBT509.FILE008, moved to PDS/V508J02
2025-03-28 17:13:50.032944 - Found V508J03.jcl (text/plain) in SBGOLOB.CBT509.FILE008, moved to PDS/V508J03
2025-03-28 17:13:50.035082 - Found V508J04.jcl (text/plain) in SBGOLOB.CBT509.FILE008, moved to PDS/V508J04
2025-03-28 17:13:50.037415 - Found V508J05.jcl (text/plain) in SBGOLOB.CBT509.FILE008, moved to PDS/V508J05
2025-03-28 17:13:50.038949 - Found V508J06.jcl (text/plain) in SBGOLOB.CBT509.FILE008, moved to PDS/V508J06
2025-03-28 17:13:50.040643 - Found V508J07.jcl (text/plain) in SBGOLOB.CBT509.FILE008, moved to PDS/V508J07
2025-03-28 17:13:50.042728 - Found V508J08.jcl (text/plain) in SBGOLOB.CBT509.FILE008, moved to PDS/V508J08
2025-03-28 17:13:50.046227 - Found V508J09.jcl (text/plain) in SBGOLOB.CBT509.FILE008, moved to PDS/V508J09
2025-03-28 17:13:50.048115 - Found V508J10.jcl (text/plain) in SBGOLOB.CBT509.FILE008, moved to PDS/V508J10
2025-03-28 17:13:50.049382 - Found V508J11.jcl (text/plain) in SBGOLOB.CBT509.FILE008, moved to PDS/V508J11
2025-03-28 17:13:50.052772 - Found V508X01.jcl (text/plain) in SBGOLOB.CBT509.FILE008, moved to PDS/V508X01
2025-03-28 17:13:50.054123 - Found V508X02.jcl (text/plain) in SBGOLOB.CBT509.FILE008, moved to PDS/V508X02
2025-03-28 17:13:50.056240 - Found V508X03.jcl (text/plain) in SBGOLOB.CBT509.FILE008, moved to PDS/V508X03
2025-03-28 17:13:50.057575 - Found V508X04.jcl (text/plain) in SBGOLOB.CBT509.FILE008, moved to PDS/V508X04
2025-03-28 17:13:50.058762 - Found V508X05.jcl (text/plain) in SBGOLOB.CBT509.FILE008, moved to PDS/V508X05
2025-03-28 17:13:50.062250 - Found V508X06.jcl (text/plain) in SBGOLOB.CBT509.FILE008, moved to PDS/V508X06
2025-03-28 17:13:50.064552 - Found V508X07.jcl (text/plain) in SBGOLOB.CBT509.FILE008, moved to PDS/V508X07
2025-03-28 17:13:50.065429 - Found V508X08.jcl (text/plain) in SBGOLOB.CBT509.FILE008, moved to PDS/V508X08
2025-03-28 17:13:50.066653 - Found V508X09.jcl (text/plain) in SBGOLOB.CBT509.FILE008, moved to PDS/V508X09
2025-03-28 17:13:50.067263 - Found XIJ.txt (text/plain) in SBGOLOB.CBT509.FILE008, moved to PDS/XIJ
